# JRE version: OpenJDK Runtime Environment (8.0_152-b06) (build 1.8.0_152-release-1136-b06)
# Java VM: OpenJDK 64-Bit Server VM (25.152-b06 mixed mode windows-amd64 compressed oops)
Heap:
 PSYoungGen      total 439808K, used 191962K [0x00000000e0000000, 0x00000000fcd00000, 0x0000000100000000)
  eden space 407552K, 39% used [0x00000000e0000000,0x00000000e9cebd30,0x00000000f8e00000)
  from space 32256K, 96% used [0x00000000f8e00000,0x00000000fac8ad18,0x00000000fad80000)
  to   space 23552K, 0% used [0x00000000fb600000,0x00000000fb600000,0x00000000fcd00000)
 ParOldGen       total 161280K, used 75518K [0x00000000a0000000, 0x00000000a9d80000, 0x00000000e0000000)
  object space 161280K, 46% used [0x00000000a0000000,0x00000000a49bfa30,0x00000000a9d80000)
 Metaspace       used 83568K, capacity 87028K, committed 87316K, reserved 1126400K
  class space    used 10569K, capacity 11283K, committed 11324K, reserved 1048576K
GC Heap History (10 events):
Event: 25.378 GC heap before
{Heap before GC invocations=18 (full 3):
 PSYoungGen      total 262656K, used 240397K [0x00000000e0000000, 0x00000000f5000000, 0x0000000100000000)
  eden space 227328K, 100% used [0x00000000e0000000,0x00000000ede00000,0x00000000ede00000)
  from space 35328K, 36% used [0x00000000eff00000,0x00000000f0bc3418,0x00000000f2180000)
  to   space 33792K, 0% used [0x00000000ede00000,0x00000000ede00000,0x00000000eff00000)
 ParOldGen       total 161280K, used 63969K [0x00000000a0000000, 0x00000000a9d80000, 0x00000000e0000000)
  object space 161280K, 39% used [0x00000000a0000000,0x00000000a3e78700,0x00000000a9d80000)
 Metaspace       used 77261K, capacity 80042K, committed 80148K, reserved 1118208K
  class space    used 10129K, capacity 10712K, committed 10812K, reserved 1048576K
Event: 25.395 GC heap after
Heap after GC invocations=18 (full 3):
 PSYoungGen      total 261120K, used 692K [0x00000000e0000000, 0x00000000f8b00000, 0x0000000100000000)
  eden space 227328K, 0% used [0x00000000e0000000,0x00000000e0000000,0x00000000ede00000)
  from space 33792K, 2% used [0x00000000ede00000,0x00000000edead048,0x00000000eff00000)
  to   space 34816K, 0% used [0x00000000f6900000,0x00000000f6900000,0x00000000f8b00000)
 ParOldGen       total 161280K, used 71159K [0x00000000a0000000, 0x00000000a9d80000, 0x00000000e0000000)
  object space 161280K, 44% used [0x00000000a0000000,0x00000000a457df20,0x00000000a9d80000)
 Metaspace       used 77261K, capacity 80042K, committed 80148K, reserved 1118208K
  class space    used 10129K, capacity 10712K, committed 10812K, reserved 1048576K
}
Event: 2388.446 GC heap before
{Heap before GC invocations=19 (full 3):
 PSYoungGen      total 261120K, used 228020K [0x00000000e0000000, 0x00000000f8b00000, 0x0000000100000000)
  eden space 227328K, 100% used [0x00000000e0000000,0x00000000ede00000,0x00000000ede00000)
  from space 33792K, 2% used [0x00000000ede00000,0x00000000edead048,0x00000000eff00000)
  to   space 34816K, 0% used [0x00000000f6900000,0x00000000f6900000,0x00000000f8b00000)
 ParOldGen       total 161280K, used 71159K [0x00000000a0000000, 0x00000000a9d80000, 0x00000000e0000000)
  object space 161280K, 44% used [0x00000000a0000000,0x00000000a457df20,0x00000000a9d80000)
 Metaspace       used 81247K, capacity 84364K, committed 84628K, reserved 1122304K
  class space    used 10477K, capacity 11117K, committed 11196K, reserved 1048576K
Event: 2388.465 GC heap after
Heap after GC invocations=19 (full 3):
 PSYoungGen      total 353280K, used 5065K [0x00000000e0000000, 0x00000000f8200000, 0x0000000100000000)
  eden space 327680K, 0% used [0x00000000e0000000,0x00000000e0000000,0x00000000f4000000)
  from space 25600K, 19% used [0x00000000f6900000,0x00000000f6df2570,0x00000000f8200000)
  to   space 33792K, 0% used [0x00000000f4000000,0x00000000f4000000,0x00000000f6100000)
 ParOldGen       total 161280K, used 71383K [0x00000000a0000000, 0x00000000a9d80000, 0x00000000e0000000)
  object space 161280K, 44% used [0x00000000a0000000,0x00000000a45b5f50,0x00000000a9d80000)
 Metaspace       used 81247K, capacity 84364K, committed 84628K, reserved 1122304K
  class space    used 10477K, capacity 11117K, committed 11196K, reserved 1048576K
}
Event: 2398.111 GC heap before
{Heap before GC invocations=20 (full 3):
 PSYoungGen      total 353280K, used 332681K [0x00000000e0000000, 0x00000000f8200000, 0x0000000100000000)
  eden space 327680K, 99% used [0x00000000e0000000,0x00000000f3feff88,0x00000000f4000000)
  from space 25600K, 19% used [0x00000000f6900000,0x00000000f6df2570,0x00000000f8200000)
  to   space 33792K, 0% used [0x00000000f4000000,0x00000000f4000000,0x00000000f6100000)
 ParOldGen       total 161280K, used 71383K [0x00000000a0000000, 0x00000000a9d80000, 0x00000000e0000000)
  object space 161280K, 44% used [0x00000000a0000000,0x00000000a45b5f50,0x00000000a9d80000)
 Metaspace       used 82511K, capacity 85682K, committed 86036K, reserved 1124352K
  class space    used 10525K, capacity 11204K, committed 11324K, reserved 1048576K
Event: 2398.138 GC heap after
Heap after GC invocations=20 (full 3):
 PSYoungGen      total 361472K, used 14174K [0x00000000e0000000, 0x00000000fd580000, 0x0000000100000000)
  eden space 327680K, 0% used [0x00000000e0000000,0x00000000e0000000,0x00000000f4000000)
  from space 33792K, 41% used [0x00000000f4000000,0x00000000f4dd7a00,0x00000000f6100000)
  to   space 32256K, 0% used [0x00000000fb600000,0x00000000fb600000,0x00000000fd580000)
 ParOldGen       total 161280K, used 72375K [0x00000000a0000000, 0x00000000a9d80000, 0x00000000e0000000)
  object space 161280K, 44% used [0x00000000a0000000,0x00000000a46adfc8,0x00000000a9d80000)
 Metaspace       used 82511K, capacity 85682K, committed 86036K, reserved 1124352K
  class space    used 10525K, capacity 11204K, committed 11324K, reserved 1048576K
}
Event: 2518.892 GC heap before
{Heap before GC invocations=21 (full 3):
 PSYoungGen      total 361472K, used 341854K [0x00000000e0000000, 0x00000000fd580000, 0x0000000100000000)
  eden space 327680K, 100% used [0x00000000e0000000,0x00000000f4000000,0x00000000f4000000)
  from space 33792K, 41% used [0x00000000f4000000,0x00000000f4dd7a00,0x00000000f6100000)
  to   space 32256K, 0% used [0x00000000fb600000,0x00000000fb600000,0x00000000fd580000)
 ParOldGen       total 161280K, used 72375K [0x00000000a0000000, 0x00000000a9d80000, 0x00000000e0000000)
  object space 161280K, 44% used [0x00000000a0000000,0x00000000a46adfc8,0x00000000a9d80000)
 Metaspace       used 82626K, capacity 85770K, committed 86036K, reserved 1124352K
  class space    used 10528K, capacity 11208K, committed 11324K, reserved 1048576K
Event: 2518.899 GC heap after
Heap after GC invocations=21 (full 3):
 PSYoungGen      total 431104K, used 1950K [0x00000000e0000000, 0x00000000fcd00000, 0x0000000100000000)
  eden space 407552K, 0% used [0x00000000e0000000,0x00000000e0000000,0x00000000f8e00000)
  from space 23552K, 8% used [0x00000000fb600000,0x00000000fb7e79b0,0x00000000fcd00000)
  to   space 32256K, 0% used [0x00000000f8e00000,0x00000000f8e00000,0x00000000fad80000)
 ParOldGen       total 161280K, used 73301K [0x00000000a0000000, 0x00000000a9d80000, 0x00000000e0000000)
  object space 161280K, 45% used [0x00000000a0000000,0x00000000a4795450,0x00000000a9d80000)
 Metaspace       used 82626K, capacity 85770K, committed 86036K, reserved 1124352K
  class space    used 10528K, capacity 11208K, committed 11324K, reserved 1048576K
}
Event: 2646.676 GC heap before
{Heap before GC invocations=22 (full 3):
 PSYoungGen      total 431104K, used 409502K [0x00000000e0000000, 0x00000000fcd00000, 0x0000000100000000)
  eden space 407552K, 100% used [0x00000000e0000000,0x00000000f8e00000,0x00000000f8e00000)
  from space 23552K, 8% used [0x00000000fb600000,0x00000000fb7e79b0,0x00000000fcd00000)
  to   space 32256K, 0% used [0x00000000f8e00000,0x00000000f8e00000,0x00000000fad80000)
 ParOldGen       total 161280K, used 73301K [0x00000000a0000000, 0x00000000a9d80000, 0x00000000e0000000)
  object space 161280K, 45% used [0x00000000a0000000,0x00000000a4795450,0x00000000a9d80000)
 Metaspace       used 83216K, capacity 86452K, committed 86548K, reserved 1124352K
  class space    used 10541K, capacity 11231K, committed 11324K, reserved 1048576K
Event: 2646.770 GC heap after
Heap after GC invocations=22 (full 3):
 PSYoungGen      total 439808K, used 31275K [0x00000000e0000000, 0x00000000fcd00000, 0x0000000100000000)
  eden space 407552K, 0% used [0x00000000e0000000,0x00000000e0000000,0x00000000f8e00000)
  from space 32256K, 96% used [0x00000000f8e00000,0x00000000fac8ad18,0x00000000fad80000)
  to   space 23552K, 0% used [0x00000000fb600000,0x00000000fb600000,0x00000000fcd00000)
 ParOldGen       total 161280K, used 75518K [0x00000000a0000000, 0x00000000a9d80000, 0x00000000e0000000)
  object space 161280K, 46% used [0x00000000a0000000,0x00000000a49bfa30,0x00000000a9d80000)
 Metaspace       used 83216K, capacity 86452K, committed 86548K, reserved 1124352K
  class space    used 10541K, capacity 11231K, committed 11324K, reserved 1048576K
}

