# JRE version: OpenJDK Runtime Environment (8.0_152-b06) (build 1.8.0_152-release-1136-b06)
# Java VM: OpenJDK 64-Bit Server VM (25.152-b06 mixed mode windows-amd64 compressed oops)
Heap:
 PSYoungGen      total 476672K, used 137704K [0x00000000e0000000, 0x00000000ffe80000, 0x0000000100000000)
  eden space 432640K, 31% used [0x00000000e0000000,0x00000000e8365650,0x00000000fa680000)
  from space 44032K, 7% used [0x00000000fd380000,0x00000000fd6949d8,0x00000000ffe80000)
  to   space 45056K, 0% used [0x00000000fa680000,0x00000000fa680000,0x00000000fd280000)
 ParOldGen       total 222208K, used 55028K [0x00000000a0000000, 0x00000000ad900000, 0x00000000e0000000)
  object space 222208K, 24% used [0x00000000a0000000,0x00000000a35bd3a8,0x00000000ad900000)
 Metaspace       used 94049K, capacity 99984K, committed 100172K, reserved 1136640K
  class space    used 11825K, capacity 13058K, committed 13132K, reserved 1048576K
GC Heap History (10 events):
Event: 1441.978 GC heap before
{Heap before GC invocations=38 (full 3):
 PSYoungGen      total 438272K, used 404563K [0x00000000e0000000, 0x00000000fe200000, 0x0000000100000000)
  eden space 396288K, 100% used [0x00000000e0000000,0x00000000f8300000,0x00000000f8300000)
  from space 41984K, 19% used [0x00000000fb900000,0x00000000fc114db8,0x00000000fe200000)
  to   space 48640K, 0% used [0x00000000f8300000,0x00000000f8300000,0x00000000fb280000)
 ParOldGen       total 166912K, used 85452K [0x00000000a0000000, 0x00000000aa300000, 0x00000000e0000000)
  object space 166912K, 51% used [0x00000000a0000000,0x00000000a5373090,0x00000000aa300000)
 Metaspace       used 92579K, capacity 97658K, committed 97752K, reserved 1134592K
  class space    used 11680K, capacity 12725K, committed 12760K, reserved 1048576K
Event: 1441.997 GC heap after
Heap after GC invocations=38 (full 3):
 PSYoungGen      total 444928K, used 9672K [0x00000000e0000000, 0x0000000100000000, 0x0000000100000000)
  eden space 396288K, 0% used [0x00000000e0000000,0x00000000e0000000,0x00000000f8300000)
  from space 48640K, 19% used [0x00000000f8300000,0x00000000f8c723d8,0x00000000fb280000)
  to   space 47616K, 0% used [0x00000000fd180000,0x00000000fd180000,0x0000000100000000)
 ParOldGen       total 166912K, used 86340K [0x00000000a0000000, 0x00000000aa300000, 0x00000000e0000000)
  object space 166912K, 51% used [0x00000000a0000000,0x00000000a54510e0,0x00000000aa300000)
 Metaspace       used 92579K, capacity 97658K, committed 97752K, reserved 1134592K
  class space    used 11680K, capacity 12725K, committed 12760K, reserved 1048576K
}
Event: 1445.925 GC heap before
{Heap before GC invocations=39 (full 3):
 PSYoungGen      total 444928K, used 405509K [0x00000000e0000000, 0x0000000100000000, 0x0000000100000000)
  eden space 396288K, 99% used [0x00000000e0000000,0x00000000f828f158,0x00000000f8300000)
  from space 48640K, 19% used [0x00000000f8300000,0x00000000f8c723d8,0x00000000fb280000)
  to   space 47616K, 0% used [0x00000000fd180000,0x00000000fd180000,0x0000000100000000)
 ParOldGen       total 166912K, used 86340K [0x00000000a0000000, 0x00000000aa300000, 0x00000000e0000000)
  object space 166912K, 51% used [0x00000000a0000000,0x00000000a54510e0,0x00000000aa300000)
 Metaspace       used 92824K, capacity 97914K, committed 98008K, reserved 1134592K
  class space    used 11689K, capacity 12737K, committed 12760K, reserved 1048576K
Event: 1445.936 GC heap after
Heap after GC invocations=39 (full 3):
 PSYoungGen      total 471552K, used 9969K [0x00000000e0000000, 0x00000000ffc00000, 0x0000000100000000)
  eden space 428032K, 0% used [0x00000000e0000000,0x00000000e0000000,0x00000000fa200000)
  from space 43520K, 22% used [0x00000000fd180000,0x00000000fdb3c790,0x00000000ffc00000)
  to   space 46080K, 0% used [0x00000000fa200000,0x00000000fa200000,0x00000000fcf00000)
 ParOldGen       total 166912K, used 86348K [0x00000000a0000000, 0x00000000aa300000, 0x00000000e0000000)
  object space 166912K, 51% used [0x00000000a0000000,0x00000000a54530e0,0x00000000aa300000)
 Metaspace       used 92824K, capacity 97914K, committed 98008K, reserved 1134592K
  class space    used 11689K, capacity 12737K, committed 12760K, reserved 1048576K
}
Event: 1526.924 GC heap before
{Heap before GC invocations=40 (full 3):
 PSYoungGen      total 471552K, used 150548K [0x00000000e0000000, 0x00000000ffc00000, 0x0000000100000000)
  eden space 428032K, 32% used [0x00000000e0000000,0x00000000e8948a10,0x00000000fa200000)
  from space 43520K, 22% used [0x00000000fd180000,0x00000000fdb3c790,0x00000000ffc00000)
  to   space 46080K, 0% used [0x00000000fa200000,0x00000000fa200000,0x00000000fcf00000)
 ParOldGen       total 166912K, used 86348K [0x00000000a0000000, 0x00000000aa300000, 0x00000000e0000000)
  object space 166912K, 51% used [0x00000000a0000000,0x00000000a54530e0,0x00000000aa300000)
 Metaspace       used 93043K, capacity 98300K, committed 98380K, reserved 1134592K
  class space    used 11716K, capacity 12803K, committed 12876K, reserved 1048576K
Event: 1526.935 GC heap after
Heap after GC invocations=40 (full 3):
 PSYoungGen      total 474112K, used 6016K [0x00000000e0000000, 0x0000000100000000, 0x0000000100000000)
  eden space 428032K, 0% used [0x00000000e0000000,0x00000000e0000000,0x00000000fa200000)
  from space 46080K, 13% used [0x00000000fa200000,0x00000000fa7e0020,0x00000000fcf00000)
  to   space 45568K, 0% used [0x00000000fd380000,0x00000000fd380000,0x0000000100000000)
 ParOldGen       total 166912K, used 86356K [0x00000000a0000000, 0x00000000aa300000, 0x00000000e0000000)
  object space 166912K, 51% used [0x00000000a0000000,0x00000000a54550e0,0x00000000aa300000)
 Metaspace       used 93043K, capacity 98300K, committed 98380K, reserved 1134592K
  class space    used 11716K, capacity 12803K, committed 12876K, reserved 1048576K
}
Event: 1526.935 GC heap before
{Heap before GC invocations=41 (full 4):
 PSYoungGen      total 474112K, used 6016K [0x00000000e0000000, 0x0000000100000000, 0x0000000100000000)
  eden space 428032K, 0% used [0x00000000e0000000,0x00000000e0000000,0x00000000fa200000)
  from space 46080K, 13% used [0x00000000fa200000,0x00000000fa7e0020,0x00000000fcf00000)
  to   space 45568K, 0% used [0x00000000fd380000,0x00000000fd380000,0x0000000100000000)
 ParOldGen       total 166912K, used 86356K [0x00000000a0000000, 0x00000000aa300000, 0x00000000e0000000)
  object space 166912K, 51% used [0x00000000a0000000,0x00000000a54550e0,0x00000000aa300000)
 Metaspace       used 93043K, capacity 98300K, committed 98380K, reserved 1134592K
  class space    used 11716K, capacity 12803K, committed 12876K, reserved 1048576K
Event: 1527.358 GC heap after
Heap after GC invocations=41 (full 4):
 PSYoungGen      total 474112K, used 0K [0x00000000e0000000, 0x0000000100000000, 0x0000000100000000)
  eden space 428032K, 0% used [0x00000000e0000000,0x00000000e0000000,0x00000000fa200000)
  from space 46080K, 0% used [0x00000000fa200000,0x00000000fa200000,0x00000000fcf00000)
  to   space 45568K, 0% used [0x00000000fd380000,0x00000000fd380000,0x0000000100000000)
 ParOldGen       total 222208K, used 55028K [0x00000000a0000000, 0x00000000ad900000, 0x00000000e0000000)
  object space 222208K, 24% used [0x00000000a0000000,0x00000000a35bd3a8,0x00000000ad900000)
 Metaspace       used 92664K, capacity 97462K, committed 98380K, reserved 1134592K
  class space    used 11615K, capacity 12624K, committed 12876K, reserved 1048576K
}
Event: 3003.526 GC heap before
{Heap before GC invocations=42 (full 4):
 PSYoungGen      total 474112K, used 428032K [0x00000000e0000000, 0x0000000100000000, 0x0000000100000000)
  eden space 428032K, 100% used [0x00000000e0000000,0x00000000fa200000,0x00000000fa200000)
  from space 46080K, 0% used [0x00000000fa200000,0x00000000fa200000,0x00000000fcf00000)
  to   space 45568K, 0% used [0x00000000fd380000,0x00000000fd380000,0x0000000100000000)
 ParOldGen       total 222208K, used 55028K [0x00000000a0000000, 0x00000000ad900000, 0x00000000e0000000)
  object space 222208K, 24% used [0x00000000a0000000,0x00000000a35bd3a8,0x00000000ad900000)
 Metaspace       used 93859K, capacity 99756K, committed 99916K, reserved 1136640K
  class space    used 11807K, capacity 13009K, committed 13132K, reserved 1048576K
Event: 3003.533 GC heap after
Heap after GC invocations=42 (full 4):
 PSYoungGen      total 476672K, used 3154K [0x00000000e0000000, 0x00000000ffe80000, 0x0000000100000000)
  eden space 432640K, 0% used [0x00000000e0000000,0x00000000e0000000,0x00000000fa680000)
  from space 44032K, 7% used [0x00000000fd380000,0x00000000fd6949d8,0x00000000ffe80000)
  to   space 45056K, 0% used [0x00000000fa680000,0x00000000fa680000,0x00000000fd280000)
 ParOldGen       total 222208K, used 55028K [0x00000000a0000000, 0x00000000ad900000, 0x00000000e0000000)
  object space 222208K, 24% used [0x00000000a0000000,0x00000000a35bd3a8,0x00000000ad900000)
 Metaspace       used 93859K, capacity 99756K, committed 99916K, reserved 1136640K
  class space    used 11807K, capacity 13009K, committed 13132K, reserved 1048576K
}

