# JRE version: OpenJDK Runtime Environment (8.0_152-b06) (build 1.8.0_152-release-1136-b06)
# Java VM: OpenJDK 64-Bit Server VM (25.152-b06 mixed mode windows-amd64 compressed oops)
Heap:
 PSYoungGen      total 314368K, used 259371K [0x00000000e0000000, 0x00000000f9280000, 0x0000000100000000)
  eden space 264192K, 91% used [0x00000000e0000000,0x00000000eeb46a68,0x00000000f0200000)
  from space 50176K, 36% used [0x00000000f0200000,0x00000000f14043c0,0x00000000f3300000)
  to   space 47104K, 0% used [0x00000000f6480000,0x00000000f6480000,0x00000000f9280000)
 ParOldGen       total 236544K, used 129857K [0x00000000a0000000, 0x00000000ae700000, 0x00000000e0000000)
  object space 236544K, 54% used [0x00000000a0000000,0x00000000a7ed0620,0x00000000ae700000)
 Metaspace       used 108208K, capacity 113396K, committed 113664K, reserved 1148928K
  class space    used 13700K, capacity 14813K, committed 14848K, reserved 1048576K
GC Heap History (10 events):
Event: 2137.568 GC heap before
{Heap before GC invocations=29 (full 4):
 PSYoungGen      total 252928K, used 225411K [0x00000000e0000000, 0x00000000f2c00000, 0x0000000100000000)
  eden space 198656K, 100% used [0x00000000e0000000,0x00000000ec200000,0x00000000ec200000)
  from space 54272K, 49% used [0x00000000ef700000,0x00000000f1120ef8,0x00000000f2c00000)
  to   space 54272K, 0% used [0x00000000ec200000,0x00000000ec200000,0x00000000ef700000)
 ParOldGen       total 236544K, used 65296K [0x00000000a0000000, 0x00000000ae700000, 0x00000000e0000000)
  object space 236544K, 27% used [0x00000000a0000000,0x00000000a3fc4230,0x00000000ae700000)
 Metaspace       used 104575K, capacity 109306K, committed 109440K, reserved 1144832K
  class space    used 13350K, capacity 14348K, committed 14464K, reserved 1048576K
Event: 2137.578 GC heap after
Heap after GC invocations=29 (full 4):
 PSYoungGen      total 252928K, used 14465K [0x00000000e0000000, 0x00000000f3a80000, 0x0000000100000000)
  eden space 198656K, 0% used [0x00000000e0000000,0x00000000e0000000,0x00000000ec200000)
  from space 54272K, 26% used [0x00000000ec200000,0x00000000ed020638,0x00000000ef700000)
  to   space 53248K, 0% used [0x00000000f0680000,0x00000000f0680000,0x00000000f3a80000)
 ParOldGen       total 236544K, used 65304K [0x00000000a0000000, 0x00000000ae700000, 0x00000000e0000000)
  object space 236544K, 27% used [0x00000000a0000000,0x00000000a3fc6230,0x00000000ae700000)
 Metaspace       used 104575K, capacity 109306K, committed 109440K, reserved 1144832K
  class space    used 13350K, capacity 14348K, committed 14464K, reserved 1048576K
}
Event: 2137.728 GC heap before
{Heap before GC invocations=30 (full 4):
 PSYoungGen      total 252928K, used 212889K [0x00000000e0000000, 0x00000000f3a80000, 0x0000000100000000)
  eden space 198656K, 99% used [0x00000000e0000000,0x00000000ec1c5fb8,0x00000000ec200000)
  from space 54272K, 26% used [0x00000000ec200000,0x00000000ed020638,0x00000000ef700000)
  to   space 53248K, 0% used [0x00000000f0680000,0x00000000f0680000,0x00000000f3a80000)
 ParOldGen       total 236544K, used 129817K [0x00000000a0000000, 0x00000000ae700000, 0x00000000e0000000)
  object space 236544K, 54% used [0x00000000a0000000,0x00000000a7ec6620,0x00000000ae700000)
 Metaspace       used 104786K, capacity 109540K, committed 109696K, reserved 1144832K
  class space    used 13383K, capacity 14421K, committed 14464K, reserved 1048576K
Event: 2137.743 GC heap after
Heap after GC invocations=30 (full 4):
 PSYoungGen      total 269824K, used 10587K [0x00000000e0000000, 0x00000000f4680000, 0x0000000100000000)
  eden space 216576K, 0% used [0x00000000e0000000,0x00000000e0000000,0x00000000ed380000)
  from space 53248K, 19% used [0x00000000f0680000,0x00000000f10d6c28,0x00000000f3a80000)
  to   space 52224K, 0% used [0x00000000ed380000,0x00000000ed380000,0x00000000f0680000)
 ParOldGen       total 236544K, used 129825K [0x00000000a0000000, 0x00000000ae700000, 0x00000000e0000000)
  object space 236544K, 54% used [0x00000000a0000000,0x00000000a7ec8620,0x00000000ae700000)
 Metaspace       used 104786K, capacity 109540K, committed 109696K, reserved 1144832K
  class space    used 13383K, capacity 14421K, committed 14464K, reserved 1048576K
}
Event: 2137.772 GC heap before
{Heap before GC invocations=31 (full 4):
 PSYoungGen      total 269824K, used 226537K [0x00000000e0000000, 0x00000000f4680000, 0x0000000100000000)
  eden space 216576K, 99% used [0x00000000e0000000,0x00000000ed2e3888,0x00000000ed380000)
  from space 53248K, 19% used [0x00000000f0680000,0x00000000f10d6c28,0x00000000f3a80000)
  to   space 52224K, 0% used [0x00000000ed380000,0x00000000ed380000,0x00000000f0680000)
 ParOldGen       total 236544K, used 129825K [0x00000000a0000000, 0x00000000ae700000, 0x00000000e0000000)
  object space 236544K, 54% used [0x00000000a0000000,0x00000000a7ec8620,0x00000000ae700000)
 Metaspace       used 104793K, capacity 109604K, committed 109696K, reserved 1144832K
  class space    used 13383K, capacity 14421K, committed 14464K, reserved 1048576K
Event: 2137.787 GC heap after
Heap after GC invocations=31 (full 4):
 PSYoungGen      total 268800K, used 7804K [0x00000000e0000000, 0x00000000f6a80000, 0x0000000100000000)
  eden space 216576K, 0% used [0x00000000e0000000,0x00000000e0000000,0x00000000ed380000)
  from space 52224K, 14% used [0x00000000ed380000,0x00000000edb1f050,0x00000000f0680000)
  to   space 51712K, 0% used [0x00000000f3800000,0x00000000f3800000,0x00000000f6a80000)
 ParOldGen       total 236544K, used 129833K [0x00000000a0000000, 0x00000000ae700000, 0x00000000e0000000)
  object space 236544K, 54% used [0x00000000a0000000,0x00000000a7eca620,0x00000000ae700000)
 Metaspace       used 104793K, capacity 109604K, committed 109696K, reserved 1144832K
  class space    used 13383K, capacity 14421K, committed 14464K, reserved 1048576K
}
Event: 2294.111 GC heap before
{Heap before GC invocations=32 (full 4):
 PSYoungGen      total 268800K, used 223380K [0x00000000e0000000, 0x00000000f6a80000, 0x0000000100000000)
  eden space 216576K, 99% used [0x00000000e0000000,0x00000000ed286198,0x00000000ed380000)
  from space 52224K, 14% used [0x00000000ed380000,0x00000000edb1f050,0x00000000f0680000)
  to   space 51712K, 0% used [0x00000000f3800000,0x00000000f3800000,0x00000000f6a80000)
 ParOldGen       total 236544K, used 129833K [0x00000000a0000000, 0x00000000ae700000, 0x00000000e0000000)
  object space 236544K, 54% used [0x00000000a0000000,0x00000000a7eca620,0x00000000ae700000)
 Metaspace       used 105897K, capacity 110962K, committed 111232K, reserved 1146880K
  class space    used 13529K, capacity 14606K, committed 14720K, reserved 1048576K
Event: 2294.131 GC heap after
Heap after GC invocations=32 (full 4):
 PSYoungGen      total 309248K, used 12719K [0x00000000e0000000, 0x00000000f6400000, 0x0000000100000000)
  eden space 264192K, 0% used [0x00000000e0000000,0x00000000e0000000,0x00000000f0200000)
  from space 45056K, 28% used [0x00000000f3800000,0x00000000f446bf68,0x00000000f6400000)
  to   space 50176K, 0% used [0x00000000f0200000,0x00000000f0200000,0x00000000f3300000)
 ParOldGen       total 236544K, used 129841K [0x00000000a0000000, 0x00000000ae700000, 0x00000000e0000000)
  object space 236544K, 54% used [0x00000000a0000000,0x00000000a7ecc620,0x00000000ae700000)
 Metaspace       used 105897K, capacity 110962K, committed 111232K, reserved 1146880K
  class space    used 13529K, capacity 14606K, committed 14720K, reserved 1048576K
}
Event: 2298.913 GC heap before
{Heap before GC invocations=33 (full 4):
 PSYoungGen      total 309248K, used 276911K [0x00000000e0000000, 0x00000000f6400000, 0x0000000100000000)
  eden space 264192K, 100% used [0x00000000e0000000,0x00000000f0200000,0x00000000f0200000)
  from space 45056K, 28% used [0x00000000f3800000,0x00000000f446bf68,0x00000000f6400000)
  to   space 50176K, 0% used [0x00000000f0200000,0x00000000f0200000,0x00000000f3300000)
 ParOldGen       total 236544K, used 129841K [0x00000000a0000000, 0x00000000ae700000, 0x00000000e0000000)
  object space 236544K, 54% used [0x00000000a0000000,0x00000000a7ecc620,0x00000000ae700000)
 Metaspace       used 107464K, capacity 112636K, committed 112896K, reserved 1146880K
  class space    used 13635K, capacity 14733K, committed 14848K, reserved 1048576K
Event: 2298.938 GC heap after
Heap after GC invocations=33 (full 4):
 PSYoungGen      total 314368K, used 18448K [0x00000000e0000000, 0x00000000f9280000, 0x0000000100000000)
  eden space 264192K, 0% used [0x00000000e0000000,0x00000000e0000000,0x00000000f0200000)
  from space 50176K, 36% used [0x00000000f0200000,0x00000000f14043c0,0x00000000f3300000)
  to   space 47104K, 0% used [0x00000000f6480000,0x00000000f6480000,0x00000000f9280000)
 ParOldGen       total 236544K, used 129857K [0x00000000a0000000, 0x00000000ae700000, 0x00000000e0000000)
  object space 236544K, 54% used [0x00000000a0000000,0x00000000a7ed0620,0x00000000ae700000)
 Metaspace       used 107464K, capacity 112636K, committed 112896K, reserved 1146880K
  class space    used 13635K, capacity 14733K, committed 14848K, reserved 1048576K
}

